<?xml version="1.0" encoding="UTF-8"?>
<testsuite xmlns:xsi="http://www.w3.org/2001/XMLSchema-instance" xsi:noNamespaceSchemaLocation="https://maven.apache.org/surefire/maven-surefire-plugin/xsd/surefire-test-report-3.0.xsd" version="3.0" name="freelacademy.service.UsuarioRepositoryTest" time="0.012" tests="4" errors="0" skipped="0" failures="0">
  <properties>
[...]
</properties>
  <testcase name="naoDevePermitirEmailDuplicado" classname="freelacademy.service.UsuarioRepositoryTest" time="0.002"/>
  <testcase name="deveRetornarNullQuandoNaoEncontrarUsuario" classname="freelacademy.service.UsuarioRepositoryTest" time="0.001"/>
  <testcase name="deveSalvarNovoUsuario" classname="freelacademy.service.UsuarioRepositoryTest" time="0.005"/>
  <testcase name="deveEncontrarUsuarioPorEmail" classname="freelacademy.service.UsuarioRepositoryTest" time="0.001"/>
</testsuite>